0000              
0000              
0000              
0000              PCLO = 0
0000              PCHI = 1
0000              PBR = 2
0000              ALO = 3
0000              AHI = 4
0000              DBR = 5
0000              DLO = 6
0000              DHI = 7
0000              XLO = 8
0000              XHI = 9
0000              YLO = 10
0000              YHI = 11
0000              SLO = 12
0000              SHI = 13
0000              
0000              CFLAG = 14
0000              NFLAG = 15
0000              ZFLAG = 16
0000              MFLAG = 17
0000              XFLAG = 18
0000              
0000              ADDRLO = 19
0000              ADDRHI = 20
0000              
0000              TMP0 = 22
0000              TMP1 = 23
0000              TMP2 = 24
0000              TMP3 = 25
0000              TMP4 = 26
0000              
0000              V1 = 27
0000              V2 = 28
0000              V128 = 29
0000              V255 = 30
0000              V0 = 31
0000              
0000              
0000              
0000              
0000              
0000              
0000              
0000              
0000              
0000              
0000              
0000              
0000              
0000              
0000              
0000              
0000              
0000              
0000              
0000              
0000              
0000              
0000              
0000              
0000              
0000              
0000              
0000              
0000              
0000              
0000              
0000              
0000              
0000              
0000              
0000              
0000              
0000              
0000              
0000              
0000              
0000              
0000              
0000              
0000              
0000              
0000              
0000              
0000              
0000              
0000              
0000              
0000              
0000              ORG $0000
0000              
0000 9f           A V0
0001 bf           B V0
0002 67           OP EOR
0003 1f           SET V0
0004 9f           A V0
0005 bf           B V0
0006 64           OP DIV
0007 1b           SET V1
0008 9b           A V1
0009 bb           B V1
000a 61           OP ADD
000b 1c           SET V2
000c 9c           A V2
000d bc           B V2
000e 63           OP MUL
000f 16           SET TMP0
0010 96           A TMP0
0011 b6           B TMP0
0012 63           OP MUL
0013 16           SET TMP0
0014 61           OP ADD
0015 17           SET TMP1
0016 96           A TMP0
0017 b7           B TMP1
0018 63           OP MUL
0019 1d           SET V128
001a 9b           A V1
001b bf           B V0
001c 64           OP DIV
001d 1e           SET V255
001e              
001e              GET V0
001e 9f           A V0
001f bf           B V0
0020 66           OP OR
0021              
0021 03           SET ALO
0022 04           SET AHI
0023 05           SET DBR
0024 06           SET DLO
0025 07           SET DHI
0026 08           SET XLO
0027 09           SET XHI
0028 0a           SET YLO
0029 0b           SET YHI
002a              
002a              GET V128
002a 9d           A V128
002b bd           B V128
002c 66           OP OR
002d              
002d 02           SET PBR
002e              GET V255
002e 9e           A V255
002f be           B V255
0030 66           OP OR
0031              
0031 01           SET PCHI
0032 9e           A V255
0033 bc           B V2
0034 63           OP MUL
0035 00           SET PCLO
0036 80           A PCLO
0037 00           SET PCLO
0038 80           A PCLO
0039 00           SET PCLO
003a              
003a              GET V255
003a 9e           A V255
003b be           B V255
003c 66           OP OR
003d              
003d 0c           SET SLO
003e              GET V1
003e 9b           A V1
003f bb           B V1
0040 66           OP OR
0041              
0041 0d           SET SHI
0042              
0042              GET V0
0042 9f           A V0
0043 bf           B V0
0044 66           OP OR
0045              
0045 0e           SET CFLAG
0046 0f           SET NFLAG
0047 10           SET ZFLAG
0048              GET V1
0048 9b           A V1
0049 bb           B V1
004a 66           OP OR
004b              
004b 11           SET MFLAG
004c 12           SET XFLAG
004d              
004d              NEXT
004d a2           B PBR
004e 60           OUT2
004f 80           A PCLO
0050 a1           B PCHI
0051 37           IN TMP1
0052 bb           B V1
0053 61           OP ADD
0054 00           SET PCLO
0055 60           OP OVL
0056 16           SET TMP0
0057 81           A PCHI
0058 b6           B TMP0
0059 61           OP ADD
005a f7           JMP TMP1
005b 01           SET PCHI
005c              
005c              
005c              
005c              
005c              
005c              
005c              
005c              
6900              ORG $6900
6900              FETCH TMP4
6900 a2           B PBR
6901 60           OUT2
6902 80           A PCLO
6903 a1           B PCHI
6904 3a           IN TMP4
6905 bb           B V1
6906 61           OP ADD
6907 00           SET PCLO
6908 60           OP OVL
6909 16           SET TMP0
690a 81           A PCHI
690b b6           B TMP0
690c 61           OP ADD
690d 01           SET PCHI
690e              
690e              ADC8 ALO TMP4
690e 83           A ALO
690f ba           B TMP4
6910 61           OP ADD
6911 03           SET ALO
6912 60           OP OVL
6913 16           SET TMP0
6914 83           A ALO
6915 ae           B CFLAG
6916 61           OP ADD
6917 03           SET ALO
6918 0f           SET NFLAG
6919 10           SET ZFLAG
691a 60           OP OVL
691b 17           SET TMP1
691c 96           A TMP0
691d b7           B TMP1
691e 66           OP OR
691f 0e           SET CFLAG
6920              
6920              BRACCU16 ADC_#_16bit
6920 9f           A V0
6921 b1           B MFLAG
6922 c7           BEQ ADC_#_16bit
6923              
6923              NEXT
6923 a2           B PBR
6924 60           OUT2
6925 80           A PCLO
6926 a1           B PCHI
6927 37           IN TMP1
6928 bb           B V1
6929 61           OP ADD
692a 00           SET PCLO
692b 60           OP OVL
692c 16           SET TMP0
692d 81           A PCHI
692e b6           B TMP0
692f 61           OP ADD
6930 f7           JMP TMP1
6931 01           SET PCHI
6932              
6932 60 60 60 60  ADC_#_16bit :
6936 60 60       
6938              FETCH TMP4
6938 a2           B PBR
6939 60           OUT2
693a 80           A PCLO
693b a1           B PCHI
693c 3a           IN TMP4
693d bb           B V1
693e 61           OP ADD
693f 00           SET PCLO
6940 60           OP OVL
6941 16           SET TMP0
6942 81           A PCHI
6943 b6           B TMP0
6944 61           OP ADD
6945 01           SET PCHI
6946              
6946              ADC8 AHI TMP4
6946 84           A AHI
6947 ba           B TMP4
6948 61           OP ADD
6949 04           SET AHI
694a 60           OP OVL
694b 16           SET TMP0
694c 84           A AHI
694d ae           B CFLAG
694e 61           OP ADD
694f 04           SET AHI
6950 0f           SET NFLAG
6951 10           SET ZFLAG
6952 60           OP OVL
6953 17           SET TMP1
6954 96           A TMP0
6955 b7           B TMP1
6956 66           OP OR
6957 0e           SET CFLAG
6958              
6958              COMPUTEZFLAG ALO AHI
6958 83           A ALO
6959 a4           B AHI
695a 66           OP OR
695b 10           SET ZFLAG
695c              
695c              NEXT
695c a2           B PBR
695d 60           OUT2
695e 80           A PCLO
695f a1           B PCHI
6960 37           IN TMP1
6961 bb           B V1
6962 61           OP ADD
6963 00           SET PCLO
6964 60           OP OVL
6965 16           SET TMP0
6966 81           A PCHI
6967 b6           B TMP0
6968 61           OP ADD
6969 f7           JMP TMP1
696a 01           SET PCHI
696b              
696b              
696b              
696b              
696b              
2900              ORG $2900
2900              FETCH TMP4
2900 a2           B PBR
2901 60           OUT2
2902 80           A PCLO
2903 a1           B PCHI
2904 3a           IN TMP4
2905 bb           B V1
2906 61           OP ADD
2907 00           SET PCLO
2908 60           OP OVL
2909 16           SET TMP0
290a 81           A PCHI
290b b6           B TMP0
290c 61           OP ADD
290d 01           SET PCHI
290e              
290e              AND8 ALO TMP4
290e 83           A ALO
290f ba           B TMP4
2910 65           OP AND
2911 03           SET ALO
2912 0f           SET NFLAG
2913 10           SET ZFLAG
2914              
2914              BRACCU16 AND_#_16bit
2914 9f           A V0
2915 b1           B MFLAG
2916 c5           BEQ AND_#_16bit
2917              
2917              NEXT
2917 a2           B PBR
2918 60           OUT2
2919 80           A PCLO
291a a1           B PCHI
291b 37           IN TMP1
291c bb           B V1
291d 61           OP ADD
291e 00           SET PCLO
291f 60           OP OVL
2920 16           SET TMP0
2921 81           A PCHI
2922 b6           B TMP0
2923 61           OP ADD
2924 f7           JMP TMP1
2925 01           SET PCHI
2926              
2926 60 60        AND_#_16bit :
2928              FETCH TMP4
2928 a2           B PBR
2929 60           OUT2
292a 80           A PCLO
292b a1           B PCHI
292c 3a           IN TMP4
292d bb           B V1
292e 61           OP ADD
292f 00           SET PCLO
2930 60           OP OVL
2931 16           SET TMP0
2932 81           A PCHI
2933 b6           B TMP0
2934 61           OP ADD
2935 01           SET PCHI
2936              
2936              ADC8 AHI TMP4
2936 84           A AHI
2937 ba           B TMP4
2938 61           OP ADD
2939 04           SET AHI
293a 60           OP OVL
293b 16           SET TMP0
293c 84           A AHI
293d ae           B CFLAG
293e 61           OP ADD
293f 04           SET AHI
2940 0f           SET NFLAG
2941 10           SET ZFLAG
2942 60           OP OVL
2943 17           SET TMP1
2944 96           A TMP0
2945 b7           B TMP1
2946 66           OP OR
2947 0e           SET CFLAG
2948              
2948              COMPUTEZFLAG ALO AHI
2948 83           A ALO
2949 a4           B AHI
294a 66           OP OR
294b 10           SET ZFLAG
294c              
294c              NEXT
294c a2           B PBR
294d 60           OUT2
294e 80           A PCLO
294f a1           B PCHI
2950 37           IN TMP1
2951 bb           B V1
2952 61           OP ADD
2953 00           SET PCLO
2954 60           OP OVL
2955 16           SET TMP0
2956 81           A PCHI
2957 b6           B TMP0
2958 61           OP ADD
2959 f7           JMP TMP1
295a 01           SET PCHI
295b              
295b              
295b              
2500              ORG $2500
2500              FETCHADDRESS_d
2500              FETCH ADDRLO
2500 a2           B PBR
2501 60           OUT2
2502 80           A PCLO
2503 a1           B PCHI
2504 33           IN ADDRLO
2505 bb           B V1
2506 61           OP ADD
2507 00           SET PCLO
2508 60           OP OVL
2509 16           SET TMP0
250a 81           A PCHI
250b b6           B TMP0
250c 61           OP ADD
250d 01           SET PCHI
250e              
250e 93           A ADDRLO
250f a6           B DLO
2510 61           OP ADD
2511 13           SET ADDRLO
2512 60           OP OVL
2513 16           SET TMP0
2514 87           A DHI
2515 b6           B TMP0
2516 61           OP ADD
2517 14           SET ADDRHI
2518              
2518              LOAD V0 TMP4
2518 bf           B V0
2519 60           OUT2
251a 93           A ADDRLO
251b b4           B ADDRHI
251c 3a           IN TMP4
251d              
251d              AND8 ALO TMP4
251d 83           A ALO
251e ba           B TMP4
251f 65           OP AND
2520 03           SET ALO
2521 0f           SET NFLAG
2522 10           SET ZFLAG
2523              
2523              BRACCU16 AND_d_16bit
2523 9f           A V0
2524 b1           B MFLAG
2525 c7           BEQ AND_d_16bit
2526              
2526              NEXT
2526 a2           B PBR
2527 60           OUT2
2528 80           A PCLO
2529 a1           B PCHI
252a 37           IN TMP1
252b bb           B V1
252c 61           OP ADD
252d 00           SET PCLO
252e 60           OP OVL
252f 16           SET TMP0
2530 81           A PCHI
2531 b6           B TMP0
2532 61           OP ADD
2533 f7           JMP TMP1
2534 01           SET PCHI
2535              
2535 60 60 60     AND_d_16bit :
2538              INCREMENTADDRESS
2538 93           A ADDRLO
2539 bb           B V1
253a 61           OP ADD
253b 13           SET ADDRLO
253c 60           OP OVL
253d 16           SET TMP0
253e 96           A TMP0
253f b4           B ADDRHI
2540 14           SET ADDRHI
2541              
2541              LOAD V0 TMP4
2541 bf           B V0
2542 60           OUT2
2543 93           A ADDRLO
2544 b4           B ADDRHI
2545 3a           IN TMP4
2546              
2546              ADC8 AHI TMP4
2546 84           A AHI
2547 ba           B TMP4
2548 61           OP ADD
2549 04           SET AHI
254a 60           OP OVL
254b 16           SET TMP0
254c 84           A AHI
254d ae           B CFLAG
254e 61           OP ADD
254f 04           SET AHI
2550 0f           SET NFLAG
2551 10           SET ZFLAG
2552 60           OP OVL
2553 17           SET TMP1
2554 96           A TMP0
2555 b7           B TMP1
2556 66           OP OR
2557 0e           SET CFLAG
2558              
2558              COMPUTEZFLAG ALO AHI
2558 83           A ALO
2559 a4           B AHI
255a 66           OP OR
255b 10           SET ZFLAG
255c              
255c              NEXT
255c a2           B PBR
255d 60           OUT2
255e 80           A PCLO
255f a1           B PCHI
2560 37           IN TMP1
2561 bb           B V1
2562 61           OP ADD
2563 00           SET PCLO
2564 60           OP OVL
2565 16           SET TMP0
2566 81           A PCHI
2567 b6           B TMP0
2568 61           OP ADD
2569 f7           JMP TMP1
256a 01           SET PCHI
256b              
256b              
256b              
2f00              ORG $2F00
2f00              FETCH ADDRLO
2f00 a2           B PBR
2f01 60           OUT2
2f02 80           A PCLO
2f03 a1           B PCHI
2f04 33           IN ADDRLO
2f05 bb           B V1
2f06 61           OP ADD
2f07 00           SET PCLO
2f08 60           OP OVL
2f09 16           SET TMP0
2f0a 81           A PCHI
2f0b b6           B TMP0
2f0c 61           OP ADD
2f0d 01           SET PCHI
2f0e              
2f0e              FETCH ADDRHI
2f0e a2           B PBR
2f0f 60           OUT2
2f10 80           A PCLO
2f11 a1           B PCHI
2f12 34           IN ADDRHI
2f13 bb           B V1
2f14 61           OP ADD
2f15 00           SET PCLO
2f16 60           OP OVL
2f17 16           SET TMP0
2f18 81           A PCHI
2f19 b6           B TMP0
2f1a 61           OP ADD
2f1b 01           SET PCHI
2f1c              
2f1c              FETCH TMP3
2f1c a2           B PBR
2f1d 60           OUT2
2f1e 80           A PCLO
2f1f a1           B PCHI
2f20 39           IN TMP3
2f21 bb           B V1
2f22 61           OP ADD
2f23 00           SET PCLO
2f24 60           OP OVL
2f25 16           SET TMP0
2f26 81           A PCHI
2f27 b6           B TMP0
2f28 61           OP ADD
2f29 01           SET PCHI
2f2a              
2f2a              LOAD TMP3 TMP4
2f2a b9           B TMP3
2f2b 60           OUT2
2f2c 93           A ADDRLO
2f2d b4           B ADDRHI
2f2e 3a           IN TMP4
2f2f              
2f2f              AND8 ALO TMP4
2f2f 83           A ALO
2f30 ba           B TMP4
2f31 65           OP AND
2f32 03           SET ALO
2f33 0f           SET NFLAG
2f34 10           SET ZFLAG
2f35              
2f35              BRACCU16 AND_al_16bit
2f35 9f           A V0
2f36 b1           B MFLAG
2f37 c9           BEQ AND_al_16bit
2f38              
2f38              NEXT
2f38 a2           B PBR
2f39 60           OUT2
2f3a 80           A PCLO
2f3b a1           B PCHI
2f3c 37           IN TMP1
2f3d bb           B V1
2f3e 61           OP ADD
2f3f 00           SET PCLO
2f40 60           OP OVL
2f41 16           SET TMP0
2f42 81           A PCHI
2f43 b6           B TMP0
2f44 61           OP ADD
2f45 f7           JMP TMP1
2f46 01           SET PCHI
2f47              
2f47 60           AND_al_16bit :
2f48              INCREMENTADDRESS
2f48 93           A ADDRLO
2f49 bb           B V1
2f4a 61           OP ADD
2f4b 13           SET ADDRLO
2f4c 60           OP OVL
2f4d 16           SET TMP0
2f4e 96           A TMP0
2f4f b4           B ADDRHI
2f50 14           SET ADDRHI
2f51              
2f51              LOAD TMP3 TMP4
2f51 b9           B TMP3
2f52 60           OUT2
2f53 93           A ADDRLO
2f54 b4           B ADDRHI
2f55 3a           IN TMP4
2f56              
2f56              ADC8 AHI TMP4
2f56 84           A AHI
2f57 ba           B TMP4
2f58 61           OP ADD
2f59 04           SET AHI
2f5a 60           OP OVL
2f5b 16           SET TMP0
2f5c 84           A AHI
2f5d ae           B CFLAG
2f5e 61           OP ADD
2f5f 04           SET AHI
2f60 0f           SET NFLAG
2f61 10           SET ZFLAG
2f62 60           OP OVL
2f63 17           SET TMP1
2f64 96           A TMP0
2f65 b7           B TMP1
2f66 66           OP OR
2f67 0e           SET CFLAG
2f68              
2f68              COMPUTEZFLAG ALO AHI
2f68 83           A ALO
2f69 a4           B AHI
2f6a 66           OP OR
2f6b 10           SET ZFLAG
2f6c              
2f6c              NEXT
2f6c a2           B PBR
2f6d 60           OUT2
2f6e 80           A PCLO
2f6f a1           B PCHI
2f70 37           IN TMP1
2f71 bb           B V1
2f72 61           OP ADD
2f73 00           SET PCLO
2f74 60           OP OVL
2f75 16           SET TMP0
2f76 81           A PCHI
2f77 b6           B TMP0
2f78 61           OP ADD
2f79 f7           JMP TMP1
2f7a 01           SET PCHI
2f7b              
2f7b              
d000              ORG $D000
d000 90           A ZFLAG
d001 bf           B V0
d002 c7           BEQ BNE_r_nottaken
d003              FETCH TMP3
d003 a2           B PBR
d004 60           OUT2
d005 80           A PCLO
d006 a1           B PCHI
d007 39           IN TMP3
d008 bb           B V1
d009 61           OP ADD
d00a 00           SET PCLO
d00b 60           OP OVL
d00c 16           SET TMP0
d00d 81           A PCHI
d00e b6           B TMP0
d00f 61           OP ADD
d010 01           SET PCHI
d011              
d011 99           A TMP3
d012 bd           B V128
d013 64           OP DIV
d014 1a           SET TMP4
d015 9a           A TMP4
d016 be           B V255
d017 63           OP MUL
d018 1a           SET TMP4
d019              JUMPRELATIVELONG TMP3 TMP4
d019 80           A PCLO
d01a b9           B TMP3
d01b 61           OP ADD
d01c 00           SET PCLO
d01d 60           OP OVL
d01e 16           SET TMP0
d01f 81           A PCHI
d020 ba           B TMP4
d021 61           OP ADD
d022 01           SET PCHI
d023 81           A PCHI
d024 b6           B TMP0
d025 01           SET PCHI
d026              
d026              NEXT
d026 a2           B PBR
d027 60           OUT2
d028 80           A PCLO
d029 a1           B PCHI
d02a 37           IN TMP1
d02b bb           B V1
d02c 61           OP ADD
d02d 00           SET PCLO
d02e 60           OP OVL
d02f 16           SET TMP0
d030 81           A PCHI
d031 b6           B TMP0
d032 61           OP ADD
d033 f7           JMP TMP1
d034 01           SET PCHI
d035              
d035 60 60 60     BNE_r_nottaken :
d038              INCREMENTPC
d038 80           A PCLO
d039 bb           B V1
d03a 61           OP ADD
d03b 00           SET PCLO
d03c 60           OP OVL
d03d 16           SET TMP0
d03e 96           A TMP0
d03f a1           B PCHI
d040 61           OP ADD
d041 01           SET PCHI
d042              
d042              NEXT
d042 a2           B PBR
d043 60           OUT2
d044 80           A PCLO
d045 a1           B PCHI
d046 37           IN TMP1
d047 bb           B V1
d048 61           OP ADD
d049 00           SET PCLO
d04a 60           OP OVL
d04b 16           SET TMP0
d04c 81           A PCHI
d04d b6           B TMP0
d04e 61           OP ADD
d04f f7           JMP TMP1
d050 01           SET PCHI
d051              
d051              
d051              
1800              ORG $1800
1800              GET V0
1800 9f           A V0
1801 bf           B V0
1802 66           OP OR
1803              
1803 0e           SET CFLAG
1804              NEXT
1804 a2           B PBR
1805 60           OUT2
1806 80           A PCLO
1807 a1           B PCHI
1808 37           IN TMP1
1809 bb           B V1
180a 61           OP ADD
180b 00           SET PCLO
180c 60           OP OVL
180d 16           SET TMP0
180e 81           A PCHI
180f b6           B TMP0
1810 61           OP ADD
1811 f7           JMP TMP1
1812 01           SET PCHI
1813              
1813              
1813              
e800              ORG $E800
e800 88           A XLO
e801 bb           B V1
e802 61           OP ADD
e803 08           SET XLO
e804 10           SET ZFLAG
e805 0f           SET NFLAG
e806 60           OP OVL
e807 1a           SET TMP4
e808              BRINDEX16 INX_i_16bit
e808 9f           A V0
e809 b2           B XFLAG
e80a c4           BEQ INX_i_16bit
e80b              
e80b              NEXT
e80b a2           B PBR
e80c 60           OUT2
e80d 80           A PCLO
e80e a1           B PCHI
e80f 37           IN TMP1
e810 bb           B V1
e811 61           OP ADD
e812 00           SET PCLO
e813 60           OP OVL
e814 16           SET TMP0
e815 81           A PCHI
e816 b6           B TMP0
e817 61           OP ADD
e818 f7           JMP TMP1
e819 01           SET PCHI
e81a              
e81a 60 60 60 60  INX_i_16bit :
e81e 60 60       
e820 89           A XHI
e821 ba           B TMP4
e822 61           OP ADD
e823 09           SET XHI
e824 0f           SET NFLAG
e825              COMPUTEZFLAG XLO XHI
e825 88           A XLO
e826 a9           B XHI
e827 66           OP OR
e828 10           SET ZFLAG
e829              
e829              NEXT
e829 a2           B PBR
e82a 60           OUT2
e82b 80           A PCLO
e82c a1           B PCHI
e82d 37           IN TMP1
e82e bb           B V1
e82f 61           OP ADD
e830 00           SET PCLO
e831 60           OP OVL
e832 16           SET TMP0
e833 81           A PCHI
e834 b6           B TMP0
e835 61           OP ADD
e836 f7           JMP TMP1
e837 01           SET PCHI
e838              
e838              
e838              
c800              ORG $C800
c800 8a           A YLO
c801 bb           B V1
c802 61           OP ADD
c803 0a           SET YLO
c804 10           SET ZFLAG
c805 0f           SET NFLAG
c806 60           OP OVL
c807 1a           SET TMP4
c808              BRINDEX16 INY_i_16bit
c808 9f           A V0
c809 b2           B XFLAG
c80a c4           BEQ INY_i_16bit
c80b              
c80b              NEXT
c80b a2           B PBR
c80c 60           OUT2
c80d 80           A PCLO
c80e a1           B PCHI
c80f 37           IN TMP1
c810 bb           B V1
c811 61           OP ADD
c812 00           SET PCLO
c813 60           OP OVL
c814 16           SET TMP0
c815 81           A PCHI
c816 b6           B TMP0
c817 61           OP ADD
c818 f7           JMP TMP1
c819 01           SET PCHI
c81a              
c81a 60 60 60 60  INY_i_16bit :
c81e 60 60       
c820 8b           A YHI
c821 ba           B TMP4
c822 61           OP ADD
c823 0b           SET YHI
c824 0f           SET NFLAG
c825              COMPUTEZFLAG YLO YHI
c825 8a           A YLO
c826 ab           B YHI
c827 66           OP OR
c828 10           SET ZFLAG
c829              
c829              NEXT
c829 a2           B PBR
c82a 60           OUT2
c82b 80           A PCLO
c82c a1           B PCHI
c82d 37           IN TMP1
c82e bb           B V1
c82f 61           OP ADD
c830 00           SET PCLO
c831 60           OP OVL
c832 16           SET TMP0
c833 81           A PCHI
c834 b6           B TMP0
c835 61           OP ADD
c836 f7           JMP TMP1
c837 01           SET PCHI
c838              
c838              
5c00              ORG $5C00
5c00              FETCH TMP1
5c00 a2           B PBR
5c01 60           OUT2
5c02 80           A PCLO
5c03 a1           B PCHI
5c04 37           IN TMP1
5c05 bb           B V1
5c06 61           OP ADD
5c07 00           SET PCLO
5c08 60           OP OVL
5c09 16           SET TMP0
5c0a 81           A PCHI
5c0b b6           B TMP0
5c0c 61           OP ADD
5c0d 01           SET PCHI
5c0e              
5c0e              FETCH TMP2
5c0e a2           B PBR
5c0f 60           OUT2
5c10 80           A PCLO
5c11 a1           B PCHI
5c12 38           IN TMP2
5c13 bb           B V1
5c14 61           OP ADD
5c15 00           SET PCLO
5c16 60           OP OVL
5c17 16           SET TMP0
5c18 81           A PCHI
5c19 b6           B TMP0
5c1a 61           OP ADD
5c1b 01           SET PCHI
5c1c              
5c1c              FETCH PBR
5c1c a2           B PBR
5c1d 60           OUT2
5c1e 80           A PCLO
5c1f a1           B PCHI
5c20 22           IN PBR
5c21 bb           B V1
5c22 61           OP ADD
5c23 00           SET PCLO
5c24 60           OP OVL
5c25 16           SET TMP0
5c26 81           A PCHI
5c27 b6           B TMP0
5c28 61           OP ADD
5c29 01           SET PCHI
5c2a              
5c2a              GET TMP1
5c2a 97           A TMP1
5c2b b7           B TMP1
5c2c 66           OP OR
5c2d              
5c2d 00           SET PCLO
5c2e              GET TMP2
5c2e 98           A TMP2
5c2f b8           B TMP2
5c30 66           OP OR
5c31              
5c31 01           SET PCHI
5c32              NEXT
5c32 a2           B PBR
5c33 60           OUT2
5c34 80           A PCLO
5c35 a1           B PCHI
5c36 37           IN TMP1
5c37 bb           B V1
5c38 61           OP ADD
5c39 00           SET PCLO
5c3a 60           OP OVL
5c3b 16           SET TMP0
5c3c 81           A PCHI
5c3d b6           B TMP0
5c3e 61           OP ADD
5c3f f7           JMP TMP1
5c40 01           SET PCHI
5c41              
5c41              
5c41              
a500              ORG $A500
a500              FETCHADDRESS_d
a500              FETCH ADDRLO
a500 a2           B PBR
a501 60           OUT2
a502 80           A PCLO
a503 a1           B PCHI
a504 33           IN ADDRLO
a505 bb           B V1
a506 61           OP ADD
a507 00           SET PCLO
a508 60           OP OVL
a509 16           SET TMP0
a50a 81           A PCHI
a50b b6           B TMP0
a50c 61           OP ADD
a50d 01           SET PCHI
a50e              
a50e 93           A ADDRLO
a50f a6           B DLO
a510 61           OP ADD
a511 13           SET ADDRLO
a512 60           OP OVL
a513 16           SET TMP0
a514 87           A DHI
a515 b6           B TMP0
a516 61           OP ADD
a517 14           SET ADDRHI
a518              
a518              LOAD V0 ALO
a518 bf           B V0
a519 60           OUT2
a51a 93           A ADDRLO
a51b b4           B ADDRHI
a51c 23           IN ALO
a51d              
a51d              BRACCU16 LDA_d_16bit
a51d 9f           A V0
a51e b1           B MFLAG
a51f c6           BEQ LDA_d_16bit
a520              
a520              NEXT
a520 a2           B PBR
a521 60           OUT2
a522 80           A PCLO
a523 a1           B PCHI
a524 37           IN TMP1
a525 bb           B V1
a526 61           OP ADD
a527 00           SET PCLO
a528 60           OP OVL
a529 16           SET TMP0
a52a 81           A PCHI
a52b b6           B TMP0
a52c 61           OP ADD
a52d f7           JMP TMP1
a52e 01           SET PCHI
a52f              
a52f 60           LDA_d_16bit :
a530              INCREMENTADDRESS
a530 93           A ADDRLO
a531 bb           B V1
a532 61           OP ADD
a533 13           SET ADDRLO
a534 60           OP OVL
a535 16           SET TMP0
a536 96           A TMP0
a537 b4           B ADDRHI
a538 14           SET ADDRHI
a539              
a539              LOAD V0 AHI
a539 bf           B V0
a53a 60           OUT2
a53b 93           A ADDRLO
a53c b4           B ADDRHI
a53d 24           IN AHI
a53e              
a53e              NEXT
a53e a2           B PBR
a53f 60           OUT2
a540 80           A PCLO
a541 a1           B PCHI
a542 37           IN TMP1
a543 bb           B V1
a544 61           OP ADD
a545 00           SET PCLO
a546 60           OP OVL
a547 16           SET TMP0
a548 81           A PCHI
a549 b6           B TMP0
a54a 61           OP ADD
a54b f7           JMP TMP1
a54c 01           SET PCHI
a54d              
a54d              
a54d              
a900              ORG $A900
a900              FETCH ALO
a900 a2           B PBR
a901 60           OUT2
a902 80           A PCLO
a903 a1           B PCHI
a904 23           IN ALO
a905 bb           B V1
a906 61           OP ADD
a907 00           SET PCLO
a908 60           OP OVL
a909 16           SET TMP0
a90a 81           A PCHI
a90b b6           B TMP0
a90c 61           OP ADD
a90d 01           SET PCHI
a90e              
a90e              BRACCU16 LDA_#_16bit
a90e 9f           A V0
a90f b1           B MFLAG
a910 c4           BEQ LDA_#_16bit
a911              
a911              NEXT
a911 a2           B PBR
a912 60           OUT2
a913 80           A PCLO
a914 a1           B PCHI
a915 37           IN TMP1
a916 bb           B V1
a917 61           OP ADD
a918 00           SET PCLO
a919 60           OP OVL
a91a 16           SET TMP0
a91b 81           A PCHI
a91c b6           B TMP0
a91d 61           OP ADD
a91e f7           JMP TMP1
a91f 01           SET PCHI
a920              
a920              LDA_#_16bit :
a920              FETCH AHI
a920 a2           B PBR
a921 60           OUT2
a922 80           A PCLO
a923 a1           B PCHI
a924 24           IN AHI
a925 bb           B V1
a926 61           OP ADD
a927 00           SET PCLO
a928 60           OP OVL
a929 16           SET TMP0
a92a 81           A PCHI
a92b b6           B TMP0
a92c 61           OP ADD
a92d 01           SET PCHI
a92e              
a92e              NEXT
a92e a2           B PBR
a92f 60           OUT2
a930 80           A PCLO
a931 a1           B PCHI
a932 37           IN TMP1
a933 bb           B V1
a934 61           OP ADD
a935 00           SET PCLO
a936 60           OP OVL
a937 16           SET TMP0
a938 81           A PCHI
a939 b6           B TMP0
a93a 61           OP ADD
a93b f7           JMP TMP1
a93c 01           SET PCHI
a93d              
a93d              
a93d              
bf00              ORG $BF00
bf00              FETCHADDRESS_a_x
bf00              FETCH ADDRLO
bf00 a2           B PBR
bf01 60           OUT2
bf02 80           A PCLO
bf03 a1           B PCHI
bf04 33           IN ADDRLO
bf05 bb           B V1
bf06 61           OP ADD
bf07 00           SET PCLO
bf08 60           OP OVL
bf09 16           SET TMP0
bf0a 81           A PCHI
bf0b b6           B TMP0
bf0c 61           OP ADD
bf0d 01           SET PCHI
bf0e              
bf0e              FETCH ADDRHI
bf0e a2           B PBR
bf0f 60           OUT2
bf10 80           A PCLO
bf11 a1           B PCHI
bf12 34           IN ADDRHI
bf13 bb           B V1
bf14 61           OP ADD
bf15 00           SET PCLO
bf16 60           OP OVL
bf17 16           SET TMP0
bf18 81           A PCHI
bf19 b6           B TMP0
bf1a 61           OP ADD
bf1b 01           SET PCHI
bf1c              
bf1c 93           A ADDRLO
bf1d a8           B XLO
bf1e 61           OP ADD
bf1f 13           SET ADDRLO
bf20 60           OP OVL
bf21 16           SET TMP0
bf22 94           A ADDRHI
bf23 a9           B XHI
bf24 61           OP ADD
bf25 14           SET ADDRHI
bf26 94           A ADDRHI
bf27 b6           B TMP0
bf28 14           SET ADDRHI
bf29              
bf29              FETCH TMP4
bf29 a2           B PBR
bf2a 60           OUT2
bf2b 80           A PCLO
bf2c a1           B PCHI
bf2d 3a           IN TMP4
bf2e bb           B V1
bf2f 61           OP ADD
bf30 00           SET PCLO
bf31 60           OP OVL
bf32 16           SET TMP0
bf33 81           A PCHI
bf34 b6           B TMP0
bf35 61           OP ADD
bf36 01           SET PCHI
bf37              
bf37              LOAD TMP4 ALO
bf37 ba           B TMP4
bf38 60           OUT2
bf39 93           A ADDRLO
bf3a b4           B ADDRHI
bf3b 23           IN ALO
bf3c              
bf3c              BRACCU16 LDA_alx_16bit
bf3c 9f           A V0
bf3d b1           B MFLAG
bf3e ca           BEQ LDA_alx_16bit
bf3f              
bf3f              NEXT
bf3f a2           B PBR
bf40 60           OUT2
bf41 80           A PCLO
bf42 a1           B PCHI
bf43 37           IN TMP1
bf44 bb           B V1
bf45 61           OP ADD
bf46 00           SET PCLO
bf47 60           OP OVL
bf48 16           SET TMP0
bf49 81           A PCHI
bf4a b6           B TMP0
bf4b 61           OP ADD
bf4c f7           JMP TMP1
bf4d 01           SET PCHI
bf4e              
bf4e 60 60        LDA_alx_16bit :
bf50              INCREMENTADDRESS
bf50 93           A ADDRLO
bf51 bb           B V1
bf52 61           OP ADD
bf53 13           SET ADDRLO
bf54 60           OP OVL
bf55 16           SET TMP0
bf56 96           A TMP0
bf57 b4           B ADDRHI
bf58 14           SET ADDRHI
bf59              
bf59              LOAD TMP4 AHI
bf59 ba           B TMP4
bf5a 60           OUT2
bf5b 93           A ADDRLO
bf5c b4           B ADDRHI
bf5d 24           IN AHI
bf5e              
bf5e              NEXT
bf5e a2           B PBR
bf5f 60           OUT2
bf60 80           A PCLO
bf61 a1           B PCHI
bf62 37           IN TMP1
bf63 bb           B V1
bf64 61           OP ADD
bf65 00           SET PCLO
bf66 60           OP OVL
bf67 16           SET TMP0
bf68 81           A PCHI
bf69 b6           B TMP0
bf6a 61           OP ADD
bf6b f7           JMP TMP1
bf6c 01           SET PCHI
bf6d              
bf6d              
bf6d              
af00              ORG $AF00
af00              FETCHADDRESS_a
af00              FETCH ADDRLO
af00 a2           B PBR
af01 60           OUT2
af02 80           A PCLO
af03 a1           B PCHI
af04 33           IN ADDRLO
af05 bb           B V1
af06 61           OP ADD
af07 00           SET PCLO
af08 60           OP OVL
af09 16           SET TMP0
af0a 81           A PCHI
af0b b6           B TMP0
af0c 61           OP ADD
af0d 01           SET PCHI
af0e              
af0e              FETCH ADDRHI
af0e a2           B PBR
af0f 60           OUT2
af10 80           A PCLO
af11 a1           B PCHI
af12 34           IN ADDRHI
af13 bb           B V1
af14 61           OP ADD
af15 00           SET PCLO
af16 60           OP OVL
af17 16           SET TMP0
af18 81           A PCHI
af19 b6           B TMP0
af1a 61           OP ADD
af1b 01           SET PCHI
af1c              
af1c              
af1c              FETCH TMP4
af1c a2           B PBR
af1d 60           OUT2
af1e 80           A PCLO
af1f a1           B PCHI
af20 3a           IN TMP4
af21 bb           B V1
af22 61           OP ADD
af23 00           SET PCLO
af24 60           OP OVL
af25 16           SET TMP0
af26 81           A PCHI
af27 b6           B TMP0
af28 61           OP ADD
af29 01           SET PCHI
af2a              
af2a              LOAD TMP4 ALO
af2a ba           B TMP4
af2b 60           OUT2
af2c 93           A ADDRLO
af2d b4           B ADDRHI
af2e 23           IN ALO
af2f              
af2f              BRACCU16 LDA_al_16bit
af2f 9f           A V0
af30 b1           B MFLAG
af31 c9           BEQ LDA_al_16bit
af32              
af32              NEXT
af32 a2           B PBR
af33 60           OUT2
af34 80           A PCLO
af35 a1           B PCHI
af36 37           IN TMP1
af37 bb           B V1
af38 61           OP ADD
af39 00           SET PCLO
af3a 60           OP OVL
af3b 16           SET TMP0
af3c 81           A PCHI
af3d b6           B TMP0
af3e 61           OP ADD
af3f f7           JMP TMP1
af40 01           SET PCHI
af41              
af41 60 60 60 60  LDA_al_16bit :
af45 60 60 60    
af48              INCREMENTADDRESS
af48 93           A ADDRLO
af49 bb           B V1
af4a 61           OP ADD
af4b 13           SET ADDRLO
af4c 60           OP OVL
af4d 16           SET TMP0
af4e 96           A TMP0
af4f b4           B ADDRHI
af50 14           SET ADDRHI
af51              
af51              LOAD TMP4 AHI
af51 ba           B TMP4
af52 60           OUT2
af53 93           A ADDRLO
af54 b4           B ADDRHI
af55 24           IN AHI
af56              
af56              NEXT
af56 a2           B PBR
af57 60           OUT2
af58 80           A PCLO
af59 a1           B PCHI
af5a 37           IN TMP1
af5b bb           B V1
af5c 61           OP ADD
af5d 00           SET PCLO
af5e 60           OP OVL
af5f 16           SET TMP0
af60 81           A PCHI
af61 b6           B TMP0
af62 61           OP ADD
af63 f7           JMP TMP1
af64 01           SET PCHI
af65              
af65              
af65              
af65              
a200              ORG $A200
a200              FETCH XLO
a200 a2           B PBR
a201 60           OUT2
a202 80           A PCLO
a203 a1           B PCHI
a204 28           IN XLO
a205 bb           B V1
a206 61           OP ADD
a207 00           SET PCLO
a208 60           OP OVL
a209 16           SET TMP0
a20a 81           A PCHI
a20b b6           B TMP0
a20c 61           OP ADD
a20d 01           SET PCHI
a20e              
a20e              BRINDEX16 LDX_#_16bit
a20e 9f           A V0
a20f b2           B XFLAG
a210 c4           BEQ LDX_#_16bit
a211              
a211              NEXT
a211 a2           B PBR
a212 60           OUT2
a213 80           A PCLO
a214 a1           B PCHI
a215 37           IN TMP1
a216 bb           B V1
a217 61           OP ADD
a218 00           SET PCLO
a219 60           OP OVL
a21a 16           SET TMP0
a21b 81           A PCHI
a21c b6           B TMP0
a21d 61           OP ADD
a21e f7           JMP TMP1
a21f 01           SET PCHI
a220              
a220              LDX_#_16bit :
a220              FETCH XHI
a220 a2           B PBR
a221 60           OUT2
a222 80           A PCLO
a223 a1           B PCHI
a224 29           IN XHI
a225 bb           B V1
a226 61           OP ADD
a227 00           SET PCLO
a228 60           OP OVL
a229 16           SET TMP0
a22a 81           A PCHI
a22b b6           B TMP0
a22c 61           OP ADD
a22d 01           SET PCHI
a22e              
a22e              NEXT
a22e a2           B PBR
a22f 60           OUT2
a230 80           A PCLO
a231 a1           B PCHI
a232 37           IN TMP1
a233 bb           B V1
a234 61           OP ADD
a235 00           SET PCLO
a236 60           OP OVL
a237 16           SET TMP0
a238 81           A PCHI
a239 b6           B TMP0
a23a 61           OP ADD
a23b f7           JMP TMP1
a23c 01           SET PCHI
a23d              
a23d              
a23d              
a000              ORG $A000
a000              FETCH YLO
a000 a2           B PBR
a001 60           OUT2
a002 80           A PCLO
a003 a1           B PCHI
a004 2a           IN YLO
a005 bb           B V1
a006 61           OP ADD
a007 00           SET PCLO
a008 60           OP OVL
a009 16           SET TMP0
a00a 81           A PCHI
a00b b6           B TMP0
a00c 61           OP ADD
a00d 01           SET PCHI
a00e              
a00e              BRINDEX16 LDY_#_16bit
a00e 9f           A V0
a00f b2           B XFLAG
a010 c4           BEQ LDY_#_16bit
a011              
a011              NEXT
a011 a2           B PBR
a012 60           OUT2
a013 80           A PCLO
a014 a1           B PCHI
a015 37           IN TMP1
a016 bb           B V1
a017 61           OP ADD
a018 00           SET PCLO
a019 60           OP OVL
a01a 16           SET TMP0
a01b 81           A PCHI
a01c b6           B TMP0
a01d 61           OP ADD
a01e f7           JMP TMP1
a01f 01           SET PCHI
a020              
a020              LDY_#_16bit :
a020              FETCH YHI
a020 a2           B PBR
a021 60           OUT2
a022 80           A PCLO
a023 a1           B PCHI
a024 2b           IN YHI
a025 bb           B V1
a026 61           OP ADD
a027 00           SET PCLO
a028 60           OP OVL
a029 16           SET TMP0
a02a 81           A PCHI
a02b b6           B TMP0
a02c 61           OP ADD
a02d 01           SET PCHI
a02e              
a02e              NEXT
a02e a2           B PBR
a02f 60           OUT2
a030 80           A PCLO
a031 a1           B PCHI
a032 37           IN TMP1
a033 bb           B V1
a034 61           OP ADD
a035 00           SET PCLO
a036 60           OP OVL
a037 16           SET TMP0
a038 81           A PCHI
a039 b6           B TMP0
a03a 61           OP ADD
a03b f7           JMP TMP1
a03c 01           SET PCHI
a03d              
a03d              
a03d              
a03d              
a03d              
a03d              
a03d              
e900              ORG $E900
e900              FETCH TMP4
e900 a2           B PBR
e901 60           OUT2
e902 80           A PCLO
e903 a1           B PCHI
e904 3a           IN TMP4
e905 bb           B V1
e906 61           OP ADD
e907 00           SET PCLO
e908 60           OP OVL
e909 16           SET TMP0
e90a 81           A PCHI
e90b b6           B TMP0
e90c 61           OP ADD
e90d 01           SET PCHI
e90e              
e90e              SBC8 ALO TMP4
e90e              
e90e              
e90e 9a           A TMP4
e90f be           B V255
e910 67           OP EOR
e911 16           SET TMP0
e912              
e912 83           A ALO
e913 b6           B TMP0
e914 61           OP ADD
e915 03           SET ALO
e916 60           OP OVL
e917 16           SET TMP0
e918 83           A ALO
e919 ae           B CFLAG
e91a 61           OP ADD
e91b 03           SET ALO
e91c 0f           SET NFLAG
e91d 10           SET ZFLAG
e91e 60           OP OVL
e91f 17           SET TMP1
e920 96           A TMP0
e921 b7           B TMP1
e922 66           OP OR
e923 0e           SET CFLAG
e924              
e924              BRACCU16 SBC_#_16bit
e924 9f           A V0
e925 b1           B MFLAG
e926 c7           BEQ SBC_#_16bit
e927              
e927              NEXT
e927 a2           B PBR
e928 60           OUT2
e929 80           A PCLO
e92a a1           B PCHI
e92b 37           IN TMP1
e92c bb           B V1
e92d 61           OP ADD
e92e 00           SET PCLO
e92f 60           OP OVL
e930 16           SET TMP0
e931 81           A PCHI
e932 b6           B TMP0
e933 61           OP ADD
e934 f7           JMP TMP1
e935 01           SET PCHI
e936              
e936 60 60        SBC_#_16bit :
e938              FETCH TMP4
e938 a2           B PBR
e939 60           OUT2
e93a 80           A PCLO
e93b a1           B PCHI
e93c 3a           IN TMP4
e93d bb           B V1
e93e 61           OP ADD
e93f 00           SET PCLO
e940 60           OP OVL
e941 16           SET TMP0
e942 81           A PCHI
e943 b6           B TMP0
e944 61           OP ADD
e945 01           SET PCHI
e946              
e946              SBC8 AHI TMP4
e946              
e946              
e946 9a           A TMP4
e947 be           B V255
e948 67           OP EOR
e949 16           SET TMP0
e94a              
e94a 84           A AHI
e94b b6           B TMP0
e94c 61           OP ADD
e94d 04           SET AHI
e94e 60           OP OVL
e94f 16           SET TMP0
e950 84           A AHI
e951 ae           B CFLAG
e952 61           OP ADD
e953 04           SET AHI
e954 0f           SET NFLAG
e955 10           SET ZFLAG
e956 60           OP OVL
e957 17           SET TMP1
e958 96           A TMP0
e959 b7           B TMP1
e95a 66           OP OR
e95b 0e           SET CFLAG
e95c              
e95c              COMPUTEZFLAG ALO AHI
e95c 83           A ALO
e95d a4           B AHI
e95e 66           OP OR
e95f 10           SET ZFLAG
e960              
e960              NEXT
e960 a2           B PBR
e961 60           OUT2
e962 80           A PCLO
e963 a1           B PCHI
e964 37           IN TMP1
e965 bb           B V1
e966 61           OP ADD
e967 00           SET PCLO
e968 60           OP OVL
e969 16           SET TMP0
e96a 81           A PCHI
e96b b6           B TMP0
e96c 61           OP ADD
e96d f7           JMP TMP1
e96e 01           SET PCHI
e96f              
e96f              
3800              ORG $3800
3800              GET V1
3800 9b           A V1
3801 bb           B V1
3802 66           OP OR
3803              
3803 0e           SET CFLAG
3804              NEXT
3804 a2           B PBR
3805 60           OUT2
3806 80           A PCLO
3807 a1           B PCHI
3808 37           IN TMP1
3809 bb           B V1
380a 61           OP ADD
380b 00           SET PCLO
380c 60           OP OVL
380d 16           SET TMP0
380e 81           A PCHI
380f b6           B TMP0
3810 61           OP ADD
3811 f7           JMP TMP1
3812 01           SET PCHI
3813              
3813              
8500              ORG $8500
8500              FETCHADDRESS_d
8500              FETCH ADDRLO
8500 a2           B PBR
8501 60           OUT2
8502 80           A PCLO
8503 a1           B PCHI
8504 33           IN ADDRLO
8505 bb           B V1
8506 61           OP ADD
8507 00           SET PCLO
8508 60           OP OVL
8509 16           SET TMP0
850a 81           A PCHI
850b b6           B TMP0
850c 61           OP ADD
850d 01           SET PCHI
850e              
850e 93           A ADDRLO
850f a6           B DLO
8510 61           OP ADD
8511 13           SET ADDRLO
8512 60           OP OVL
8513 16           SET TMP0
8514 87           A DHI
8515 b6           B TMP0
8516 61           OP ADD
8517 14           SET ADDRHI
8518              
8518              STORE V0 ALO
8518 bf           B V0
8519 60           OUT2
851a 93           A ADDRLO
851b b4           B ADDRHI
851c 43           OUT ALO
851d              
851d              BRACCU16 STA_d_16bit
851d 9f           A V0
851e b1           B MFLAG
851f c6           BEQ STA_d_16bit
8520              
8520              NEXT
8520 a2           B PBR
8521 60           OUT2
8522 80           A PCLO
8523 a1           B PCHI
8524 37           IN TMP1
8525 bb           B V1
8526 61           OP ADD
8527 00           SET PCLO
8528 60           OP OVL
8529 16           SET TMP0
852a 81           A PCHI
852b b6           B TMP0
852c 61           OP ADD
852d f7           JMP TMP1
852e 01           SET PCHI
852f              
852f 60           STA_d_16bit :
8530              INCREMENTADDRESS
8530 93           A ADDRLO
8531 bb           B V1
8532 61           OP ADD
8533 13           SET ADDRLO
8534 60           OP OVL
8535 16           SET TMP0
8536 96           A TMP0
8537 b4           B ADDRHI
8538 14           SET ADDRHI
8539              
8539              STORE V0 AHI
8539 bf           B V0
853a 60           OUT2
853b 93           A ADDRLO
853c b4           B ADDRHI
853d 44           OUT AHI
853e              
853e              NEXT
853e a2           B PBR
853f 60           OUT2
8540 80           A PCLO
8541 a1           B PCHI
8542 37           IN TMP1
8543 bb           B V1
8544 61           OP ADD
8545 00           SET PCLO
8546 60           OP OVL
8547 16           SET TMP0
8548 81           A PCHI
8549 b6           B TMP0
854a 61           OP ADD
854b f7           JMP TMP1
854c 01           SET PCHI
854d              
854d              
854d              
8f00              ORG $8F00
8f00              FETCHADDRESS_a
8f00              FETCH ADDRLO
8f00 a2           B PBR
8f01 60           OUT2
8f02 80           A PCLO
8f03 a1           B PCHI
8f04 33           IN ADDRLO
8f05 bb           B V1
8f06 61           OP ADD
8f07 00           SET PCLO
8f08 60           OP OVL
8f09 16           SET TMP0
8f0a 81           A PCHI
8f0b b6           B TMP0
8f0c 61           OP ADD
8f0d 01           SET PCHI
8f0e              
8f0e              FETCH ADDRHI
8f0e a2           B PBR
8f0f 60           OUT2
8f10 80           A PCLO
8f11 a1           B PCHI
8f12 34           IN ADDRHI
8f13 bb           B V1
8f14 61           OP ADD
8f15 00           SET PCLO
8f16 60           OP OVL
8f17 16           SET TMP0
8f18 81           A PCHI
8f19 b6           B TMP0
8f1a 61           OP ADD
8f1b 01           SET PCHI
8f1c              
8f1c              
8f1c              FETCH TMP4
8f1c a2           B PBR
8f1d 60           OUT2
8f1e 80           A PCLO
8f1f a1           B PCHI
8f20 3a           IN TMP4
8f21 bb           B V1
8f22 61           OP ADD
8f23 00           SET PCLO
8f24 60           OP OVL
8f25 16           SET TMP0
8f26 81           A PCHI
8f27 b6           B TMP0
8f28 61           OP ADD
8f29 01           SET PCHI
8f2a              
8f2a              STORE TMP4 ALO
8f2a ba           B TMP4
8f2b 60           OUT2
8f2c 93           A ADDRLO
8f2d b4           B ADDRHI
8f2e 43           OUT ALO
8f2f              
8f2f              BRACCU16 STA_al_16bit
8f2f 9f           A V0
8f30 b1           B MFLAG
8f31 c9           BEQ STA_al_16bit
8f32              
8f32              NEXT
8f32 a2           B PBR
8f33 60           OUT2
8f34 80           A PCLO
8f35 a1           B PCHI
8f36 37           IN TMP1
8f37 bb           B V1
8f38 61           OP ADD
8f39 00           SET PCLO
8f3a 60           OP OVL
8f3b 16           SET TMP0
8f3c 81           A PCHI
8f3d b6           B TMP0
8f3e 61           OP ADD
8f3f f7           JMP TMP1
8f40 01           SET PCHI
8f41              
8f41 60 60 60 60  STA_al_16bit :
8f45 60 60 60    
8f48              INCREMENTADDRESS
8f48 93           A ADDRLO
8f49 bb           B V1
8f4a 61           OP ADD
8f4b 13           SET ADDRLO
8f4c 60           OP OVL
8f4d 16           SET TMP0
8f4e 96           A TMP0
8f4f b4           B ADDRHI
8f50 14           SET ADDRHI
8f51              
8f51              STORE TMP4 AHI
8f51 ba           B TMP4
8f52 60           OUT2
8f53 93           A ADDRLO
8f54 b4           B ADDRHI
8f55 44           OUT AHI
8f56              
8f56              NEXT
8f56 a2           B PBR
8f57 60           OUT2
8f58 80           A PCLO
8f59 a1           B PCHI
8f5a 37           IN TMP1
8f5b bb           B V1
8f5c 61           OP ADD
8f5d 00           SET PCLO
8f5e 60           OP OVL
8f5f 16           SET TMP0
8f60 81           A PCHI
8f61 b6           B TMP0
8f62 61           OP ADD
8f63 f7           JMP TMP1
8f64 01           SET PCHI
8f65              
8f65              
8f65              
8700              ORG $8700
8700              FETCHADDRESS_[d] TMP4
8700              FETCHADDRESS_d
8700              FETCH ADDRLO
8700 a2           B PBR
8701 60           OUT2
8702 80           A PCLO
8703 a1           B PCHI
8704 33           IN ADDRLO
8705 bb           B V1
8706 61           OP ADD
8707 00           SET PCLO
8708 60           OP OVL
8709 16           SET TMP0
870a 81           A PCHI
870b b6           B TMP0
870c 61           OP ADD
870d 01           SET PCHI
870e              
870e 93           A ADDRLO
870f a6           B DLO
8710 61           OP ADD
8711 13           SET ADDRLO
8712 60           OP OVL
8713 16           SET TMP0
8714 87           A DHI
8715 b6           B TMP0
8716 61           OP ADD
8717 14           SET ADDRHI
8718              
8718              LOAD V0 TMP1
8718 bf           B V0
8719 60           OUT2
871a 93           A ADDRLO
871b b4           B ADDRHI
871c 37           IN TMP1
871d              
871d              INCREMENTADDRESS
871d 93           A ADDRLO
871e bb           B V1
871f 61           OP ADD
8720 13           SET ADDRLO
8721 60           OP OVL
8722 16           SET TMP0
8723 96           A TMP0
8724 b4           B ADDRHI
8725 14           SET ADDRHI
8726              
8726              LOAD V0 TMP2
8726 bf           B V0
8727 60           OUT2
8728 93           A ADDRLO
8729 b4           B ADDRHI
872a 38           IN TMP2
872b              
872b              INCREMENTADDRESS
872b 93           A ADDRLO
872c bb           B V1
872d 61           OP ADD
872e 13           SET ADDRLO
872f 60           OP OVL
8730 16           SET TMP0
8731 96           A TMP0
8732 b4           B ADDRHI
8733 14           SET ADDRHI
8734              
8734              LOAD V0 TMP4
8734 bf           B V0
8735 60           OUT2
8736 93           A ADDRLO
8737 b4           B ADDRHI
8738 3a           IN TMP4
8739              
8739              GET TMP1
8739 97           A TMP1
873a b7           B TMP1
873b 66           OP OR
873c              
873c 13           SET ADDRLO
873d              GET TMP2
873d 98           A TMP2
873e b8           B TMP2
873f 66           OP OR
8740              
8740 14           SET ADDRHI
8741              
8741              STORE TMP4 ALO
8741 ba           B TMP4
8742 60           OUT2
8743 93           A ADDRLO
8744 b4           B ADDRHI
8745 43           OUT ALO
8746              
8746              BRACCU16 STA_[d]_16bit
8746 9f           A V0
8747 b1           B MFLAG
8748 cb           BEQ STA_[d]_16bit
8749              
8749              NEXT
8749 a2           B PBR
874a 60           OUT2
874b 80           A PCLO
874c a1           B PCHI
874d 37           IN TMP1
874e bb           B V1
874f 61           OP ADD
8750 00           SET PCLO
8751 60           OP OVL
8752 16           SET TMP0
8753 81           A PCHI
8754 b6           B TMP0
8755 61           OP ADD
8756 f7           JMP TMP1
8757 01           SET PCHI
8758              
8758              STA_[d]_16bit :
8758              INCREMENTADDRESS
8758 93           A ADDRLO
8759 bb           B V1
875a 61           OP ADD
875b 13           SET ADDRLO
875c 60           OP OVL
875d 16           SET TMP0
875e 96           A TMP0
875f b4           B ADDRHI
8760 14           SET ADDRHI
8761              
8761              STORE TMP4 AHI
8761 ba           B TMP4
8762 60           OUT2
8763 93           A ADDRLO
8764 b4           B ADDRHI
8765 44           OUT AHI
8766              
8766              NEXT
8766 a2           B PBR
8767 60           OUT2
8768 80           A PCLO
8769 a1           B PCHI
876a 37           IN TMP1
876b bb           B V1
876c 61           OP ADD
876d 00           SET PCLO
876e 60           OP OVL
876f 16           SET TMP0
8770 81           A PCHI
8771 b6           B TMP0
8772 61           OP ADD
8773 f7           JMP TMP1
8774 01           SET PCHI
8775              
8775              
aa00              ORG $AA00
aa00              BRINDEX16 TAX_to16
aa00 9f           A V0
aa01 b2           B XFLAG
aa02 c3           BEQ TAX_to16
aa03              
aa03              
aa03              GET ALO
aa03 83           A ALO
aa04 a3           B ALO
aa05 66           OP OR
aa06              
aa06 08           SET XLO
aa07              NEXT
aa07 a2           B PBR
aa08 60           OUT2
aa09 80           A PCLO
aa0a a1           B PCHI
aa0b 37           IN TMP1
aa0c bb           B V1
aa0d 61           OP ADD
aa0e 00           SET PCLO
aa0f 60           OP OVL
aa10 16           SET TMP0
aa11 81           A PCHI
aa12 b6           B TMP0
aa13 61           OP ADD
aa14 f7           JMP TMP1
aa15 01           SET PCHI
aa16              
aa16 60 60        TAX_to16 :
aa18              BRACCU16 TAX_16to16
aa18 9f           A V0
aa19 b1           B MFLAG
aa1a c7           BEQ TAX_16to16
aa1b              
aa1b              
aa1b              GET ALO
aa1b 83           A ALO
aa1c a3           B ALO
aa1d 66           OP OR
aa1e              
aa1e 08           SET XLO
aa1f              GET V0
aa1f 9f           A V0
aa20 bf           B V0
aa21 66           OP OR
aa22              
aa22 09           SET XHI
aa23              NEXT
aa23 a2           B PBR
aa24 60           OUT2
aa25 80           A PCLO
aa26 a1           B PCHI
aa27 37           IN TMP1
aa28 bb           B V1
aa29 61           OP ADD
aa2a 00           SET PCLO
aa2b 60           OP OVL
aa2c 16           SET TMP0
aa2d 81           A PCHI
aa2e b6           B TMP0
aa2f 61           OP ADD
aa30 f7           JMP TMP1
aa31 01           SET PCHI
aa32              
aa32 60 60 60 60  TAX_16to16 :
aa36 60 60       
aa38              GET ALO
aa38 83           A ALO
aa39 a3           B ALO
aa3a 66           OP OR
aa3b              
aa3b 08           SET XLO
aa3c              GET AHI
aa3c 84           A AHI
aa3d a4           B AHI
aa3e 66           OP OR
aa3f              
aa3f 09           SET XHI
aa40              NEXT
aa40 a2           B PBR
aa41 60           OUT2
aa42 80           A PCLO
aa43 a1           B PCHI
aa44 37           IN TMP1
aa45 bb           B V1
aa46 61           OP ADD
aa47 00           SET PCLO
aa48 60           OP OVL
aa49 16           SET TMP0
aa4a 81           A PCHI
aa4b b6           B TMP0
aa4c 61           OP ADD
aa4d f7           JMP TMP1
aa4e 01           SET PCHI
aa4f              
aa4f              
aa4f              
aa4f              
aa4f              
fb00              ORG $FB00
fb00              GET V0
fb00 9f           A V0
fb01 bf           B V0
fb02 66           OP OR
fb03              
fb03 0e           SET CFLAG
fb04              NEXT
fb04 a2           B PBR
fb05 60           OUT2
fb06 80           A PCLO
fb07 a1           B PCHI
fb08 37           IN TMP1
fb09 bb           B V1
fb0a 61           OP ADD
fb0b 00           SET PCLO
fb0c 60           OP OVL
fb0d 16           SET TMP0
fb0e 81           A PCHI
fb0f b6           B TMP0
fb10 61           OP ADD
fb11 f7           JMP TMP1
fb12 01           SET PCHI
fb13              
fb13              
